<?xml version="1.0" encoding="UTF-8"?>
<!-- Generated by org.testng.reporters.JUnitXMLReporter -->
<testsuite hostname="LAPTOP-CLIP7DDS" ignored="0" name="Test" tests="4" failures="0" timestamp="2021-04-18T16:18:59 IST" time="34.936" errors="0">
  <testcase name="test" time="9.445" classname="Completecode.Grootan"/>
  <testcase name="grootanrerunandcompare" time="8.422" classname="Completecode.Rerun"/>
  <testcase name="comparison" time="7.639" classname="Completecode.Imagecompare"/>
  <testcase name="Engineer" time="9.388" classname="Completecode.Junierengineer"/>
</testsuite> <!-- Test -->
