<?xml version="1.0" encoding="UTF-8"?>
<!-- Generated by org.testng.reporters.JUnitXMLReporter -->
<testsuite hostname="LAPTOP-CLIP7DDS" ignored="0" name="Test" tests="4" failures="0" timestamp="2021-04-11T20:29:54 IST" time="105.337" errors="0">
  <testcase name="test" time="34.528" classname="Completecode.Grootan"/>
  <testcase name="grootanrerunandcompare" time="52.874" classname="Completecode.Rerun"/>
  <testcase name="comparison" time="7.932" classname="Completecode.Imagecompare"/>
  <testcase name="Engineer" time="9.96" classname="Completecode.Junierengineer"/>
</testsuite> <!-- Test -->
